[2017-05-02 06:10:19] local.ERROR: InvalidArgumentException: Please provide a valid cache path. in /var/www/html/vendor/laravel/framework/src/Illuminate/View/Compilers/Compiler.php:36
Stack trace:
#0 /var/www/html/vendor/laravel/framework/src/Illuminate/View/ViewServiceProvider.php(77): Illuminate\View\Compilers\Compiler->__construct(Object(Illuminate\Filesystem\Filesystem), false)
#1 /var/www/html/vendor/laravel/framework/src/Illuminate/Container/Container.php(746): Illuminate\View\ViewServiceProvider->Illuminate\View\{closure}(Object(Illuminate\Foundation\Application), Array)
#2 /var/www/html/vendor/laravel/framework/src/Illuminate/Container/Container.php(644): Illuminate\Container\Container->build(Object(Closure), Array)
#3 /var/www/html/vendor/laravel/framework/src/Illuminate/Foundation/Application.php(709): Illuminate\Container\Container->make('blade.compiler', Array)
#4 /var/www/html/vendor/laravel/framework/src/Illuminate/Container/Container.php(1203): Illuminate\Foundation\Application->make('blade.compiler')
#5 /var/www/html/vendor/laravel/framework/src/Illuminate/View/ViewServiceProvider.php(81): Illuminate\Container\Container->offsetGet('blade.compiler')
#6 [internal function]: Illuminate\View\ViewServiceProvider->Illuminate\View\{closure}()
#7 /var/www/html/vendor/laravel/framework/src/Illuminate/View/Engines/EngineResolver.php(54): call_user_func(Object(Closure))
#8 /var/www/html/vendor/laravel/framework/src/Illuminate/Support/Facades/Blade.php(17): Illuminate\View\Engines\EngineResolver->resolve('blade')
#9 /var/www/html/vendor/laravel/framework/src/Illuminate/Support/Facades/Facade.php(144): Illuminate\Support\Facades\Blade::getFacadeAccessor()
#10 /var/www/html/vendor/laravel/framework/src/Illuminate/Support/Facades/Facade.php(231): Illuminate\Support\Facades\Facade::getFacadeRoot()
#11 /var/www/html/vendor/arrilot/laravel-widgets/src/ServiceProvider.php(76): Illuminate\Support\Facades\Facade::__callStatic('directive', Array)
#12 [internal function]: Arrilot\Widgets\ServiceProvider->boot()
#13 /var/www/html/vendor/laravel/framework/src/Illuminate/Container/Container.php(508): call_user_func_array(Array, Array)
#14 /var/www/html/vendor/laravel/framework/src/Illuminate/Foundation/Application.php(769): Illuminate\Container\Container->call(Array)
#15 /var/www/html/vendor/laravel/framework/src/Illuminate/Foundation/Application.php(752): Illuminate\Foundation\Application->bootProvider(Object(Arrilot\Widgets\ServiceProvider))
#16 [internal function]: Illuminate\Foundation\Application->Illuminate\Foundation\{closure}(Object(Arrilot\Widgets\ServiceProvider), 13)
#17 /var/www/html/vendor/laravel/framework/src/Illuminate/Foundation/Application.php(753): array_walk(Array, Object(Closure))
#18 /var/www/html/vendor/laravel/framework/src/Illuminate/Foundation/Bootstrap/BootProviders.php(17): Illuminate\Foundation\Application->boot()
#19 /var/www/html/vendor/laravel/framework/src/Illuminate/Foundation/Application.php(203): Illuminate\Foundation\Bootstrap\BootProviders->bootstrap(Object(Illuminate\Foundation\Application))
#20 /var/www/html/vendor/laravel/framework/src/Illuminate/Foundation/Console/Kernel.php(267): Illuminate\Foundation\Application->bootstrapWith(Array)
#21 /var/www/html/vendor/laravel/framework/src/Illuminate/Foundation/Console/Kernel.php(113): Illuminate\Foundation\Console\Kernel->bootstrap()
#22 /var/www/html/artisan(35): Illuminate\Foundation\Console\Kernel->handle(Object(Symfony\Component\Console\Input\ArgvInput), Object(Symfony\Component\Console\Output\ConsoleOutput))
#23 {main}  
